<?xml version="1.0" encoding="UTF-8"?>
<!-- Generated by org.testng.reporters.JUnitReportReporter -->
<testsuite hostname="Akins-iMac.local" failures="0" tests="1" name="mavenTestNG.TestCaseOne" time="0.008" errors="0" timestamp="2020-10-27T16:45:21 EDT" skipped="0">
  <testcase classname="mavenTestNG.TestCaseOne" name="launchSite" time="0.008"/>
  <system-out/>
</testsuite> <!-- mavenTestNG.TestCaseOne -->
