<?xml version="1.0" encoding="UTF-8"?>
<!-- Generated by org.testng.reporters.JUnitReportReporter -->
<testsuite hostname="Akins-iMac.local" failures="0" tests="1" name="mavenTestNG.AppTest" time="0.008" errors="0" timestamp="2020-10-27T16:45:10 EDT" skipped="0">
  <testcase classname="mavenTestNG.AppTest" name="shouldAnswerWithTrue" time="0.008"/>
  <system-out/>
</testsuite> <!-- mavenTestNG.AppTest -->
