<?xml version="1.0" encoding="UTF-8"?>
<!-- Generated by org.testng.reporters.JUnitReportReporter -->
<testsuite hostname="Akins-iMac.local" failures="0" tests="2" name="mavenTestNG.TestCaseTwo" time="0.002" errors="0" timestamp="2020-10-27T16:45:21 EDT" skipped="0">
  <testcase classname="mavenTestNG.TestCaseTwo" name="navigateNewPost" time="0.001"/>
  <system-out/>
  <testcase classname="mavenTestNG.TestCaseTwo" name="loginAsAdmin" time="0.001"/>
  <system-out/>
</testsuite> <!-- mavenTestNG.TestCaseTwo -->
