<?xml version="1.0" encoding="UTF-8"?>
<!-- Generated by org.testng.reporters.JUnitReportReporter -->
<testsuite hostname="Akins-iMac.local" failures="0" tests="2" name="mavenTestNG2.TestCaseThree" time="0.003" errors="0" timestamp="2020-10-27T16:45:21 EDT" skipped="0">
  <testcase classname="mavenTestNG2.TestCaseThree" name="writeBlogPost" time="0.001"/>
  <system-out/>
  <testcase classname="mavenTestNG2.TestCaseThree" name="publishBlogPost" time="0.002"/>
  <system-out/>
</testsuite> <!-- mavenTestNG2.TestCaseThree -->
